<?xml version="1.0" encoding="UTF-8"?>
<!-- Generated by org.testng.reporters.JUnitReportReporter -->
<testsuite skipped="0" hostname="DESKTOP-QGLDL3K" name="test.ProfileTest2" tests="3" failures="0" timestamp="2020-05-31T16:23:52 IST" time="194.679" errors="0">
  <testcase name="login" time="3.526" classname="test.ProfileTest2"/>
  <system-out/>
  <testcase name="profile" time="50.904" classname="test.ProfileTest2"/>
  <system-out/>
  <testcase name="supply" time="140.249" classname="test.ProfileTest2"/>
  <system-out/>
</testsuite> <!-- test.ProfileTest2 -->
