<?xml version="1.0" encoding="UTF-8"?>
<!-- Generated by org.testng.reporters.JUnitReportReporter -->
<testsuite skipped="0" hostname="DESKTOP-QGLDL3K" name="test.DeductionTest" tests="6" failures="0" timestamp="2020-08-09T13:39:38 IST" time="249.772" errors="0">
  <testcase name="login" time="4.973" classname="test.DeductionTest"/>
  <system-out/>
  <testcase name="job" time="73.516" classname="test.DeductionTest"/>
  <system-out/>
  <testcase name="deduction" time="11.506" classname="test.DeductionTest"/>
  <system-out/>
  <testcase name="product" time="46.069" classname="test.DeductionTest"/>
  <system-out/>
  <testcase name="profile" time="38.015" classname="test.DeductionTest"/>
  <system-out/>
  <testcase name="supply" time="75.693" classname="test.DeductionTest"/>
  <system-out/>
</testsuite> <!-- test.DeductionTest -->
